2025-04-26 11:19:24,832 - INFO - DataProcessor - Loading data from: ./coding_task/data/atis/train.tsv using Pandas
2025-04-26 11:19:24,851 - INFO - DataProcessor - Applying text cleanup...
2025-04-26 11:19:24,858 - INFO - DataProcessor - Loaded and preprocessed Pandas DataFrame shape: (4657, 2)
2025-04-26 11:19:24,861 - INFO - DataProcessor - Preparing labels for task type: multilabel
2025-04-26 11:19:24,862 - INFO - DataProcessor - Grouping unpacked labels by text to prepare for multi-hot encoding...
2025-04-26 11:19:24,946 - INFO - DataProcessor - Calculated 17 unique individual labels for multilabel task.
2025-04-26 11:19:24,966 - INFO - DataProcessor - Reconstructed DataFrame shape for multilabel: (4634, 2)
2025-04-26 11:19:24,972 - INFO - DataProcessor - Splitting data into train/validation (0.8/0.2)
2025-04-26 11:19:24,973 - INFO - DataProcessor - Train size: 3707, Validation size: 927
2025-04-26 11:19:24,974 - INFO - DataProcessor - Converting DataFrame(s) to Hugging Face DatasetDict...
2025-04-26 11:19:25,024 - INFO - DataProcessor - Tokenizing datasets...
2025-04-26 11:19:25,336 - INFO - DataProcessor - Dataset processing complete.
2025-04-26 11:24:03,019 - INFO - DataProcessor - DataProcessor initialized with precomputed label mappings.
2025-04-26 11:24:03,019 - INFO - DataProcessor - Loading data from: ./coding_task/data/atis/test.tsv using Pandas
2025-04-26 11:24:03,038 - INFO - DataProcessor - Applying text cleanup...
2025-04-26 11:24:03,042 - INFO - DataProcessor - Loaded and preprocessed Pandas DataFrame shape: (865, 2)
2025-04-26 11:24:03,047 - INFO - DataProcessor - Preparing labels for task type: multilabel
2025-04-26 11:24:03,047 - INFO - DataProcessor - Grouping unpacked labels by text to prepare for multi-hot encoding...
2025-04-26 11:24:03,069 - INFO - DataProcessor - Using precomputed 17 labels for multilabel task.
2025-04-26 11:24:03,076 - INFO - DataProcessor - Reconstructed DataFrame shape for multilabel: (850, 2)
2025-04-26 11:24:03,082 - INFO - DataProcessor - Using full dataset for training (validation_split_ratio=0).
2025-04-26 11:24:03,082 - INFO - DataProcessor - Converting DataFrame(s) to Hugging Face DatasetDict...
2025-04-26 11:24:03,095 - INFO - DataProcessor - Tokenizing datasets...
2025-04-26 11:24:03,166 - INFO - DataProcessor - Dataset processing complete.
2025-04-26 11:26:51,472 - INFO - DataProcessor - Loading data from: ./coding_task/data/atis/train.tsv using Pandas
2025-04-26 11:26:51,479 - INFO - DataProcessor - Applying text cleanup...
2025-04-26 11:26:51,487 - INFO - DataProcessor - Loaded and preprocessed Pandas DataFrame shape: (4634, 2)
2025-04-26 11:26:51,491 - INFO - DataProcessor - Preparing labels for task type: multiclass
2025-04-26 11:26:51,491 - INFO - DataProcessor - Calculated 22 unique labels for multiclass task.
2025-04-26 11:26:51,494 - INFO - DataProcessor - Splitting data into train/validation (0.8/0.2)
2025-04-26 11:26:51,495 - INFO - DataProcessor - Train size: 3707, Validation size: 927
2025-04-26 11:26:51,495 - INFO - DataProcessor - Converting DataFrame(s) to Hugging Face DatasetDict...
2025-04-26 11:26:51,512 - INFO - DataProcessor - Tokenizing datasets...
2025-04-26 11:26:51,741 - INFO - DataProcessor - Dataset processing complete.
2025-04-26 11:27:27,467 - INFO - DataProcessor - DataProcessor initialized with precomputed label mappings.
2025-04-26 11:27:27,467 - INFO - DataProcessor - Loading data from: ./coding_task/data/atis/test.tsv using Pandas
2025-04-26 11:27:27,472 - INFO - DataProcessor - Applying text cleanup...
2025-04-26 11:27:27,476 - INFO - DataProcessor - Loaded and preprocessed Pandas DataFrame shape: (850, 2)
2025-04-26 11:27:27,480 - INFO - DataProcessor - Preparing labels for task type: multiclass
2025-04-26 11:27:27,480 - INFO - DataProcessor - Using precomputed 22 labels for multiclass task.
2025-04-26 11:27:27,482 - WARNING - DataProcessor - Labels found in data but not in precomputed label_map: ['day_name' 'airfare+flight' 'flight+airline' 'flight_no+airline']. These rows will have NaN labels.
2025-04-26 11:27:27,483 - WARNING - DataProcessor - NaN values found in the 'labels' column after processing. Check data and label mapping.
2025-04-26 11:27:27,485 - INFO - DataProcessor - Using full dataset for training (validation_split_ratio=0).
2025-04-26 11:27:27,485 - INFO - DataProcessor - Converting DataFrame(s) to Hugging Face DatasetDict...
2025-04-26 11:27:27,495 - INFO - DataProcessor - Tokenizing datasets...
2025-04-26 11:27:27,553 - INFO - DataProcessor - Dataset processing complete.
2025-04-26 11:28:09,017 - INFO - DataProcessor - Loading data from: ./coding_task/data/atis/train.tsv using Pandas
2025-04-26 11:28:09,035 - INFO - DataProcessor - Applying text cleanup...
2025-04-26 11:28:09,043 - INFO - DataProcessor - Loaded and preprocessed Pandas DataFrame shape: (4657, 2)
2025-04-26 11:28:09,046 - INFO - DataProcessor - Preparing labels for task type: multilabel
2025-04-26 11:28:09,046 - INFO - DataProcessor - Grouping unpacked labels by text to prepare for multi-hot encoding...
2025-04-26 11:28:09,129 - INFO - DataProcessor - Calculated 17 unique individual labels for multilabel task.
2025-04-26 11:28:09,151 - INFO - DataProcessor - Reconstructed DataFrame shape for multilabel: (4634, 2)
2025-04-26 11:28:09,156 - INFO - DataProcessor - Splitting data into train/validation (0.8/0.2)
2025-04-26 11:28:09,157 - INFO - DataProcessor - Train size: 3707, Validation size: 927
2025-04-26 11:28:09,158 - INFO - DataProcessor - Converting DataFrame(s) to Hugging Face DatasetDict...
2025-04-26 11:28:09,209 - INFO - DataProcessor - Tokenizing datasets...
2025-04-26 11:28:09,589 - INFO - DataProcessor - Dataset processing complete.
2025-04-26 11:28:44,722 - INFO - DataProcessor - DataProcessor initialized with precomputed label mappings.
2025-04-26 11:28:44,722 - INFO - DataProcessor - Loading data from: ./coding_task/data/atis/test.tsv using Pandas
2025-04-26 11:28:44,740 - INFO - DataProcessor - Applying text cleanup...
2025-04-26 11:28:44,745 - INFO - DataProcessor - Loaded and preprocessed Pandas DataFrame shape: (865, 2)
2025-04-26 11:28:44,749 - INFO - DataProcessor - Preparing labels for task type: multilabel
2025-04-26 11:28:44,749 - INFO - DataProcessor - Grouping unpacked labels by text to prepare for multi-hot encoding...
2025-04-26 11:28:44,771 - INFO - DataProcessor - Using precomputed 17 labels for multilabel task.
2025-04-26 11:28:44,779 - INFO - DataProcessor - Reconstructed DataFrame shape for multilabel: (850, 2)
2025-04-26 11:28:44,785 - INFO - DataProcessor - Using full dataset for training (validation_split_ratio=0).
2025-04-26 11:28:44,785 - INFO - DataProcessor - Converting DataFrame(s) to Hugging Face DatasetDict...
2025-04-26 11:28:44,807 - INFO - DataProcessor - Tokenizing datasets...
2025-04-26 11:28:44,924 - INFO - DataProcessor - Dataset processing complete.
2025-04-26 11:32:43,321 - INFO - DataProcessor - Loading data from: ./coding_task/data/atis/train.tsv using Pandas
2025-04-26 11:32:43,329 - INFO - DataProcessor - Applying text cleanup...
2025-04-26 11:32:43,336 - INFO - DataProcessor - Loaded and preprocessed Pandas DataFrame shape: (4634, 2)
2025-04-26 11:32:43,340 - INFO - DataProcessor - Preparing labels for task type: multiclass
2025-04-26 11:32:43,340 - INFO - DataProcessor - Calculated 22 unique labels for multiclass task.
2025-04-26 11:32:43,343 - INFO - DataProcessor - Splitting data into train/validation (0.8/0.2)
2025-04-26 11:32:43,344 - INFO - DataProcessor - Train size: 3707, Validation size: 927
2025-04-26 11:32:43,344 - INFO - DataProcessor - Converting DataFrame(s) to Hugging Face DatasetDict...
2025-04-26 11:32:43,361 - INFO - DataProcessor - Tokenizing datasets...
2025-04-26 11:32:43,624 - INFO - DataProcessor - Dataset processing complete.
2025-04-26 11:34:32,248 - INFO - DataProcessor - Loading data from: ./coding_task/data/atis/train.tsv using Pandas
2025-04-26 11:34:32,256 - INFO - DataProcessor - Applying text cleanup...
2025-04-26 11:34:32,263 - INFO - DataProcessor - Loaded and preprocessed Pandas DataFrame shape: (4634, 2)
2025-04-26 11:34:32,267 - INFO - DataProcessor - Preparing labels for task type: multiclass
2025-04-26 11:34:32,267 - INFO - DataProcessor - Calculated 22 unique labels for multiclass task.
2025-04-26 11:34:32,270 - INFO - DataProcessor - Splitting data into train/validation (0.8/0.2)
2025-04-26 11:34:32,271 - INFO - DataProcessor - Train size: 3707, Validation size: 927
2025-04-26 11:34:32,271 - INFO - DataProcessor - Converting DataFrame(s) to Hugging Face DatasetDict...
2025-04-26 11:34:32,288 - INFO - DataProcessor - Tokenizing datasets...
2025-04-26 11:34:32,522 - INFO - DataProcessor - Dataset processing complete.
2025-04-26 11:37:45,742 - INFO - DataProcessor - DataProcessor initialized with precomputed label mappings.
2025-04-26 11:37:45,742 - INFO - DataProcessor - Loading data from: ./coding_task/data/atis/test.tsv using Pandas
2025-04-26 11:37:45,745 - INFO - DataProcessor - Applying text cleanup...
2025-04-26 11:37:45,748 - INFO - DataProcessor - Loaded and preprocessed Pandas DataFrame shape: (850, 2)
2025-04-26 11:37:45,752 - INFO - DataProcessor - Preparing labels for task type: multiclass
2025-04-26 11:37:45,752 - INFO - DataProcessor - Using precomputed 22 labels for multiclass task.
2025-04-26 11:37:45,754 - WARNING - DataProcessor - Labels found in data but not in precomputed label_map: ['day_name' 'airfare+flight' 'flight+airline' 'flight_no+airline']. These rows will have NaN labels.
2025-04-26 11:37:45,755 - WARNING - DataProcessor - NaN values found in the 'labels' column after processing. Check data and label mapping.
2025-04-26 11:37:45,756 - INFO - DataProcessor - Using full dataset for training (validation_split_ratio=0).
2025-04-26 11:37:45,756 - INFO - DataProcessor - Converting DataFrame(s) to Hugging Face DatasetDict...
2025-04-26 11:37:45,764 - INFO - DataProcessor - Tokenizing datasets...
2025-04-26 11:37:45,822 - INFO - DataProcessor - Dataset processing complete.
2025-04-26 11:44:18,520 - INFO - DataProcessor - Loading data from: ./coding_task/data/atis/train.tsv using Pandas
2025-04-26 11:44:18,527 - INFO - DataProcessor - Applying text cleanup...
2025-04-26 11:44:18,535 - INFO - DataProcessor - Loaded and preprocessed Pandas DataFrame shape: (4634, 2)
2025-04-26 11:44:18,538 - INFO - DataProcessor - Preparing labels for task type: multiclass
2025-04-26 11:44:18,539 - INFO - DataProcessor - Calculated 22 unique labels for multiclass task.
2025-04-26 11:44:18,541 - INFO - DataProcessor - Splitting data into train/validation (0.8/0.2)
2025-04-26 11:44:18,543 - INFO - DataProcessor - Train size: 3707, Validation size: 927
2025-04-26 11:44:18,543 - INFO - DataProcessor - Converting DataFrame(s) to Hugging Face DatasetDict...
2025-04-26 11:44:18,561 - INFO - DataProcessor - Tokenizing datasets...
2025-04-26 11:44:18,875 - INFO - DataProcessor - Dataset processing complete.
2025-04-26 11:48:52,289 - INFO - DataProcessor - DataProcessor initialized with precomputed label mappings.
2025-04-26 11:48:52,289 - INFO - DataProcessor - Loading data from: ./coding_task/data/atis/test.tsv using Pandas
2025-04-26 11:48:52,293 - INFO - DataProcessor - Applying text cleanup...
2025-04-26 11:48:52,296 - INFO - DataProcessor - Loaded and preprocessed Pandas DataFrame shape: (850, 2)
2025-04-26 11:48:52,299 - INFO - DataProcessor - Preparing labels for task type: multiclass
2025-04-26 11:48:52,299 - INFO - DataProcessor - Using precomputed 22 labels for multiclass task.
2025-04-26 11:48:52,301 - WARNING - DataProcessor - Labels found in data but not in precomputed label_map: ['day_name' 'airfare+flight' 'flight+airline' 'flight_no+airline']. These rows will have NaN labels.
2025-04-26 11:48:52,302 - WARNING - DataProcessor - NaN values found in the 'labels' column after processing. Check data and label mapping.
2025-04-26 11:48:52,303 - INFO - DataProcessor - Using full dataset for training (validation_split_ratio=0).
2025-04-26 11:48:52,304 - INFO - DataProcessor - Converting DataFrame(s) to Hugging Face DatasetDict...
2025-04-26 11:48:52,311 - INFO - DataProcessor - Tokenizing datasets...
2025-04-26 11:48:52,365 - INFO - DataProcessor - Dataset processing complete.
2025-04-26 11:52:13,901 - INFO - DataProcessor - Loading data from: ./coding_task/data/atis/train.tsv using Pandas
2025-04-26 11:52:13,919 - INFO - DataProcessor - Applying text cleanup...
2025-04-26 11:52:13,927 - INFO - DataProcessor - Loaded and preprocessed Pandas DataFrame shape: (4657, 2)
2025-04-26 11:52:13,930 - INFO - DataProcessor - Preparing labels for task type: multilabel
2025-04-26 11:52:13,930 - INFO - DataProcessor - Grouping unpacked labels by text to prepare for multi-hot encoding...
2025-04-26 11:52:14,013 - INFO - DataProcessor - Calculated 17 unique individual labels for multilabel task.
2025-04-26 11:52:14,034 - INFO - DataProcessor - Reconstructed DataFrame shape for multilabel: (4634, 2)
2025-04-26 11:52:14,040 - INFO - DataProcessor - Splitting data into train/validation (0.8/0.2)
2025-04-26 11:52:14,041 - INFO - DataProcessor - Train size: 3707, Validation size: 927
2025-04-26 11:52:14,041 - INFO - DataProcessor - Converting DataFrame(s) to Hugging Face DatasetDict...
2025-04-26 11:52:14,086 - INFO - DataProcessor - Tokenizing datasets...
2025-04-26 11:52:14,393 - INFO - DataProcessor - Dataset processing complete.
2025-04-26 11:56:54,614 - INFO - DataProcessor - DataProcessor initialized with precomputed label mappings.
2025-04-26 11:56:54,614 - INFO - DataProcessor - Loading data from: ./coding_task/data/atis/test.tsv using Pandas
2025-04-26 11:56:54,633 - INFO - DataProcessor - Applying text cleanup...
2025-04-26 11:56:54,637 - INFO - DataProcessor - Loaded and preprocessed Pandas DataFrame shape: (865, 2)
2025-04-26 11:56:54,642 - INFO - DataProcessor - Preparing labels for task type: multilabel
2025-04-26 11:56:54,642 - INFO - DataProcessor - Grouping unpacked labels by text to prepare for multi-hot encoding...
2025-04-26 11:56:54,664 - INFO - DataProcessor - Using precomputed 17 labels for multilabel task.
2025-04-26 11:56:54,670 - INFO - DataProcessor - Reconstructed DataFrame shape for multilabel: (850, 2)
2025-04-26 11:56:54,675 - INFO - DataProcessor - Using full dataset for training (validation_split_ratio=0).
2025-04-26 11:56:54,676 - INFO - DataProcessor - Converting DataFrame(s) to Hugging Face DatasetDict...
2025-04-26 11:56:54,688 - INFO - DataProcessor - Tokenizing datasets...
2025-04-26 11:56:54,797 - INFO - DataProcessor - Dataset processing complete.
2025-04-26 11:58:03,180 - INFO - DataProcessor - Loading data from: ./coding_task/data/atis/train.tsv using Pandas
2025-04-26 11:58:03,200 - INFO - DataProcessor - Applying text cleanup...
2025-04-26 11:58:03,207 - INFO - DataProcessor - Loaded and preprocessed Pandas DataFrame shape: (4657, 2)
2025-04-26 11:58:03,210 - INFO - DataProcessor - Preparing labels for task type: multilabel
2025-04-26 11:58:03,210 - INFO - DataProcessor - Grouping unpacked labels by text to prepare for multi-hot encoding...
2025-04-26 11:58:03,294 - INFO - DataProcessor - Calculated 17 unique individual labels for multilabel task.
2025-04-26 11:58:03,314 - INFO - DataProcessor - Reconstructed DataFrame shape for multilabel: (4634, 2)
2025-04-26 11:58:03,319 - INFO - DataProcessor - Splitting data into train/validation (0.8/0.2)
2025-04-26 11:58:03,320 - INFO - DataProcessor - Train size: 3707, Validation size: 927
2025-04-26 11:58:03,320 - INFO - DataProcessor - Converting DataFrame(s) to Hugging Face DatasetDict...
2025-04-26 11:58:03,364 - INFO - DataProcessor - Tokenizing datasets...
2025-04-26 11:58:03,664 - INFO - DataProcessor - Dataset processing complete.
2025-04-26 12:01:58,242 - INFO - DataProcessor - DataProcessor initialized with precomputed label mappings.
2025-04-26 12:01:58,242 - INFO - DataProcessor - Loading data from: ./coding_task/data/atis/test.tsv using Pandas
2025-04-26 12:01:58,260 - INFO - DataProcessor - Applying text cleanup...
2025-04-26 12:01:58,264 - INFO - DataProcessor - Loaded and preprocessed Pandas DataFrame shape: (865, 2)
2025-04-26 12:01:58,268 - INFO - DataProcessor - Preparing labels for task type: multilabel
2025-04-26 12:01:58,268 - INFO - DataProcessor - Grouping unpacked labels by text to prepare for multi-hot encoding...
2025-04-26 12:01:58,290 - INFO - DataProcessor - Using precomputed 17 labels for multilabel task.
2025-04-26 12:01:58,296 - INFO - DataProcessor - Reconstructed DataFrame shape for multilabel: (850, 2)
2025-04-26 12:01:58,302 - INFO - DataProcessor - Using full dataset for training (validation_split_ratio=0).
2025-04-26 12:01:58,302 - INFO - DataProcessor - Converting DataFrame(s) to Hugging Face DatasetDict...
2025-04-26 12:01:58,315 - INFO - DataProcessor - Tokenizing datasets...
2025-04-26 12:01:58,398 - INFO - DataProcessor - Dataset processing complete.
2025-04-26 13:39:43,537 - INFO - DataProcessor - Loading data from: ./coding_task/data/atis/train.tsv using Pandas
2025-04-26 13:39:43,558 - INFO - DataProcessor - Applying text cleanup...
2025-04-26 13:39:43,566 - INFO - DataProcessor - Loaded and preprocessed Pandas DataFrame shape: (4657, 2)
2025-04-26 13:39:43,569 - INFO - DataProcessor - Preparing labels for task type: multilabel
2025-04-26 13:39:43,569 - INFO - DataProcessor - Grouping unpacked labels by text to prepare for multi-hot encoding...
2025-04-26 13:39:43,653 - INFO - DataProcessor - Calculated 17 unique individual labels for multilabel task.
2025-04-26 13:39:43,672 - INFO - DataProcessor - Reconstructed DataFrame shape for multilabel: (4634, 2)
2025-04-26 13:39:43,677 - INFO - DataProcessor - Splitting data into train/validation (0.8/0.2)
2025-04-26 13:39:43,678 - INFO - DataProcessor - Train size: 3707, Validation size: 927
2025-04-26 13:39:43,678 - INFO - DataProcessor - Converting DataFrame(s) to Hugging Face DatasetDict...
2025-04-26 13:39:43,724 - INFO - DataProcessor - Tokenizing datasets...
2025-04-26 13:39:44,064 - INFO - DataProcessor - Dataset processing complete.
2025-04-26 13:40:18,876 - INFO - DataProcessor - Loading data from: ./coding_task/data/atis/train.tsv using Pandas
2025-04-26 13:40:18,894 - INFO - DataProcessor - Applying text cleanup...
2025-04-26 13:40:18,901 - INFO - DataProcessor - Loaded and preprocessed Pandas DataFrame shape: (4657, 2)
2025-04-26 13:40:18,904 - INFO - DataProcessor - Preparing labels for task type: multilabel
2025-04-26 13:40:18,904 - INFO - DataProcessor - Grouping unpacked labels by text to prepare for multi-hot encoding...
2025-04-26 13:40:18,987 - INFO - DataProcessor - Calculated 17 unique individual labels for multilabel task.
2025-04-26 13:40:19,006 - INFO - DataProcessor - Reconstructed DataFrame shape for multilabel: (4634, 2)
2025-04-26 13:40:19,011 - INFO - DataProcessor - Splitting data into train/validation (0.8/0.2)
2025-04-26 13:40:19,012 - INFO - DataProcessor - Train size: 3707, Validation size: 927
2025-04-26 13:40:19,013 - INFO - DataProcessor - Converting DataFrame(s) to Hugging Face DatasetDict...
2025-04-26 13:40:19,062 - INFO - DataProcessor - Tokenizing datasets...
2025-04-26 13:40:19,390 - INFO - DataProcessor - Dataset processing complete.
2025-04-26 13:41:16,111 - INFO - DataProcessor - Loading data from: ./coding_task/data/atis/train.tsv using Pandas
2025-04-26 13:41:16,130 - INFO - DataProcessor - Applying text cleanup...
2025-04-26 13:41:16,137 - INFO - DataProcessor - Loaded and preprocessed Pandas DataFrame shape: (4657, 2)
2025-04-26 13:41:16,140 - INFO - DataProcessor - Preparing labels for task type: multilabel
2025-04-26 13:41:16,140 - INFO - DataProcessor - Grouping unpacked labels by text to prepare for multi-hot encoding...
2025-04-26 13:41:16,221 - INFO - DataProcessor - Calculated 17 unique individual labels for multilabel task.
2025-04-26 13:41:16,241 - INFO - DataProcessor - Reconstructed DataFrame shape for multilabel: (4634, 2)
2025-04-26 13:41:16,246 - INFO - DataProcessor - Splitting data into train/validation (0.8/0.2)
2025-04-26 13:41:16,247 - INFO - DataProcessor - Train size: 3707, Validation size: 927
2025-04-26 13:41:16,247 - INFO - DataProcessor - Converting DataFrame(s) to Hugging Face DatasetDict...
2025-04-26 13:41:16,291 - INFO - DataProcessor - Tokenizing datasets...
2025-04-26 13:41:16,635 - INFO - DataProcessor - Dataset processing complete.
2025-04-26 13:41:59,135 - INFO - DataProcessor - DataProcessor initialized with precomputed label mappings.
2025-04-26 13:41:59,135 - INFO - DataProcessor - Loading data from: ./coding_task/data/atis/test.tsv using Pandas
2025-04-26 13:41:59,151 - INFO - DataProcessor - Applying text cleanup...
2025-04-26 13:41:59,155 - INFO - DataProcessor - Loaded and preprocessed Pandas DataFrame shape: (865, 2)
2025-04-26 13:41:59,159 - INFO - DataProcessor - Preparing labels for task type: multilabel
2025-04-26 13:41:59,159 - INFO - DataProcessor - Grouping unpacked labels by text to prepare for multi-hot encoding...
2025-04-26 13:41:59,180 - INFO - DataProcessor - Using precomputed 17 labels for multilabel task.
2025-04-26 13:41:59,186 - INFO - DataProcessor - Reconstructed DataFrame shape for multilabel: (850, 2)
2025-04-26 13:41:59,192 - INFO - DataProcessor - Using full dataset for training (validation_split_ratio=0).
2025-04-26 13:41:59,192 - INFO - DataProcessor - Converting DataFrame(s) to Hugging Face DatasetDict...
2025-04-26 13:41:59,204 - INFO - DataProcessor - Tokenizing datasets...
2025-04-26 13:41:59,282 - INFO - DataProcessor - Dataset processing complete.
2025-04-26 13:43:23,438 - INFO - DataProcessor - Loading data from: ./coding_task/data/atis/train.tsv using Pandas
2025-04-26 13:43:23,456 - INFO - DataProcessor - Applying text cleanup...
2025-04-26 13:43:23,463 - INFO - DataProcessor - Loaded and preprocessed Pandas DataFrame shape: (4657, 2)
2025-04-26 13:43:23,466 - INFO - DataProcessor - Preparing labels for task type: multilabel
2025-04-26 13:43:23,466 - INFO - DataProcessor - Grouping unpacked labels by text to prepare for multi-hot encoding...
2025-04-26 13:43:23,550 - INFO - DataProcessor - Calculated 17 unique individual labels for multilabel task.
2025-04-26 13:43:23,570 - INFO - DataProcessor - Reconstructed DataFrame shape for multilabel: (4634, 2)
2025-04-26 13:43:23,575 - INFO - DataProcessor - Splitting data into train/validation (0.8/0.2)
2025-04-26 13:43:23,576 - INFO - DataProcessor - Train size: 3707, Validation size: 927
2025-04-26 13:43:23,576 - INFO - DataProcessor - Converting DataFrame(s) to Hugging Face DatasetDict...
2025-04-26 13:43:23,622 - INFO - DataProcessor - Tokenizing datasets...
2025-04-26 13:43:23,907 - INFO - DataProcessor - Dataset processing complete.
2025-04-26 13:48:56,204 - INFO - DataProcessor - DataProcessor initialized with precomputed label mappings.
2025-04-26 13:48:56,205 - INFO - DataProcessor - Loading data from: ./coding_task/data/atis/test.tsv using Pandas
2025-04-26 13:48:56,224 - INFO - DataProcessor - Applying text cleanup...
2025-04-26 13:48:56,228 - INFO - DataProcessor - Loaded and preprocessed Pandas DataFrame shape: (865, 2)
2025-04-26 13:48:56,232 - INFO - DataProcessor - Preparing labels for task type: multilabel
2025-04-26 13:48:56,232 - INFO - DataProcessor - Grouping unpacked labels by text to prepare for multi-hot encoding...
2025-04-26 13:48:56,255 - INFO - DataProcessor - Using precomputed 17 labels for multilabel task.
2025-04-26 13:48:56,261 - INFO - DataProcessor - Reconstructed DataFrame shape for multilabel: (850, 2)
2025-04-26 13:48:56,267 - INFO - DataProcessor - Using full dataset for training (validation_split_ratio=0).
2025-04-26 13:48:56,267 - INFO - DataProcessor - Converting DataFrame(s) to Hugging Face DatasetDict...
2025-04-26 13:48:56,280 - INFO - DataProcessor - Tokenizing datasets...
2025-04-26 13:48:56,359 - INFO - DataProcessor - Dataset processing complete.
2025-04-26 13:50:42,523 - INFO - DataProcessor - Loading data from: ./coding_task/data/atis/train.tsv using Pandas
2025-04-26 13:50:42,542 - INFO - DataProcessor - Applying text cleanup...
2025-04-26 13:50:42,550 - INFO - DataProcessor - Loaded and preprocessed Pandas DataFrame shape: (4657, 2)
2025-04-26 13:50:42,553 - INFO - DataProcessor - Preparing labels for task type: multilabel
2025-04-26 13:50:42,553 - INFO - DataProcessor - Grouping unpacked labels by text to prepare for multi-hot encoding...
2025-04-26 13:50:42,638 - INFO - DataProcessor - Calculated 17 unique individual labels for multilabel task.
2025-04-26 13:50:42,658 - INFO - DataProcessor - Reconstructed DataFrame shape for multilabel: (4634, 2)
2025-04-26 13:50:42,663 - INFO - DataProcessor - Splitting data into train/validation (0.8/0.2)
2025-04-26 13:50:42,664 - INFO - DataProcessor - Train size: 3707, Validation size: 927
2025-04-26 13:50:42,665 - INFO - DataProcessor - Converting DataFrame(s) to Hugging Face DatasetDict...
2025-04-26 13:50:42,714 - INFO - DataProcessor - Tokenizing datasets...
2025-04-26 13:50:43,072 - INFO - DataProcessor - Dataset processing complete.
2025-04-26 13:51:24,878 - INFO - DataProcessor - DataProcessor initialized with precomputed label mappings.
2025-04-26 13:51:24,879 - INFO - DataProcessor - Loading data from: ./coding_task/data/atis/test.tsv using Pandas
2025-04-26 13:51:24,897 - INFO - DataProcessor - Applying text cleanup...
2025-04-26 13:51:24,901 - INFO - DataProcessor - Loaded and preprocessed Pandas DataFrame shape: (865, 2)
2025-04-26 13:51:24,905 - INFO - DataProcessor - Preparing labels for task type: multilabel
2025-04-26 13:51:24,906 - INFO - DataProcessor - Grouping unpacked labels by text to prepare for multi-hot encoding...
2025-04-26 13:51:24,926 - INFO - DataProcessor - Using precomputed 17 labels for multilabel task.
2025-04-26 13:51:24,932 - INFO - DataProcessor - Reconstructed DataFrame shape for multilabel: (850, 2)
2025-04-26 13:51:24,937 - INFO - DataProcessor - Using full dataset for training (validation_split_ratio=0).
2025-04-26 13:51:24,937 - INFO - DataProcessor - Converting DataFrame(s) to Hugging Face DatasetDict...
2025-04-26 13:51:24,948 - INFO - DataProcessor - Tokenizing datasets...
2025-04-26 13:51:25,031 - INFO - DataProcessor - Dataset processing complete.
2025-04-26 13:52:29,288 - INFO - DataProcessor - Loading data from: ./coding_task/data/atis/train.tsv using Pandas
2025-04-26 13:52:29,306 - INFO - DataProcessor - Applying text cleanup...
2025-04-26 13:52:29,314 - INFO - DataProcessor - Loaded and preprocessed Pandas DataFrame shape: (4657, 2)
2025-04-26 13:52:29,317 - INFO - DataProcessor - Preparing labels for task type: multilabel
2025-04-26 13:52:29,317 - INFO - DataProcessor - Grouping unpacked labels by text to prepare for multi-hot encoding...
2025-04-26 13:52:29,403 - INFO - DataProcessor - Calculated 17 unique individual labels for multilabel task.
2025-04-26 13:52:29,422 - INFO - DataProcessor - Reconstructed DataFrame shape for multilabel: (4634, 2)
2025-04-26 13:52:29,427 - INFO - DataProcessor - Splitting data into train/validation (0.8/0.2)
2025-04-26 13:52:29,428 - INFO - DataProcessor - Train size: 3707, Validation size: 927
2025-04-26 13:52:29,428 - INFO - DataProcessor - Converting DataFrame(s) to Hugging Face DatasetDict...
2025-04-26 13:52:29,473 - INFO - DataProcessor - Tokenizing datasets...
2025-04-26 13:52:29,752 - INFO - DataProcessor - Dataset processing complete.
2025-04-26 13:57:56,542 - INFO - DataProcessor - DataProcessor initialized with precomputed label mappings.
2025-04-26 13:57:56,542 - INFO - DataProcessor - Loading data from: ./coding_task/data/atis/test.tsv using Pandas
2025-04-26 13:57:56,560 - INFO - DataProcessor - Applying text cleanup...
2025-04-26 13:57:56,564 - INFO - DataProcessor - Loaded and preprocessed Pandas DataFrame shape: (865, 2)
2025-04-26 13:57:56,568 - INFO - DataProcessor - Preparing labels for task type: multilabel
2025-04-26 13:57:56,568 - INFO - DataProcessor - Grouping unpacked labels by text to prepare for multi-hot encoding...
2025-04-26 13:57:56,589 - INFO - DataProcessor - Using precomputed 17 labels for multilabel task.
2025-04-26 13:57:56,596 - INFO - DataProcessor - Reconstructed DataFrame shape for multilabel: (850, 2)
2025-04-26 13:57:56,601 - INFO - DataProcessor - Using full dataset for training (validation_split_ratio=0).
2025-04-26 13:57:56,601 - INFO - DataProcessor - Converting DataFrame(s) to Hugging Face DatasetDict...
2025-04-26 13:57:56,613 - INFO - DataProcessor - Tokenizing datasets...
2025-04-26 13:57:56,683 - INFO - DataProcessor - Dataset processing complete.
